<?xml version="1.0" encoding="UTF-8"?>
<!-- Generated by org.testng.reporters.JUnitReportReporter -->
<testsuite skipped="0" hostname="IN-7J8WN13" name="testCases_flipkart.viewcarttest" tests="1" failures="0" timestamp="2022-12-14T15:24:21 IST" time="0.549" errors="0">
  <testcase name="viewcart" time="0.549" classname="testCases_flipkart.viewcarttest"/>
  <system-out/>
</testsuite> <!-- testCases_flipkart.viewcarttest -->
