<?xml version="1.0" encoding="UTF-8"?>
<!-- Generated by org.testng.reporters.JUnitReportReporter -->
<testsuite skipped="0" hostname="IN-7J8WN13" name="testCases_flipkart.Giftcardtest" tests="1" failures="0" timestamp="2022-12-13T13:26:29 IST" time="7.684" errors="0">
  <testcase name="giftcard" time="7.684" classname="testCases_flipkart.Giftcardtest"/>
  <system-out/>
</testsuite> <!-- testCases_flipkart.Giftcardtest -->
