<?xml version="1.0" encoding="UTF-8"?>
<!-- Generated by org.testng.reporters.JUnitReportReporter -->
<testsuite skipped="0" hostname="IN-7J8WN13" name="testCases_flipkart.Logouttest" tests="1" failures="0" timestamp="2022-12-14T14:28:13 IST" time="0.646" errors="0">
  <testcase name="logout" time="0.646" classname="testCases_flipkart.Logouttest"/>
  <system-out/>
</testsuite> <!-- testCases_flipkart.Logouttest -->
