<?xml version="1.0" encoding="UTF-8"?>
<!-- Generated by org.testng.reporters.JUnitReportReporter -->
<testsuite skipped="0" hostname="IN-7J8WN13" name="testCases_flipkart.Addtocarttest" tests="1" failures="0" timestamp="2022-12-14T15:10:30 IST" time="0.556" errors="0">
  <testcase name="cart" time="0.556" classname="testCases_flipkart.Addtocarttest"/>
  <system-out/>
</testsuite> <!-- testCases_flipkart.Addtocarttest -->
