<?xml version="1.0" encoding="UTF-8"?>
<!-- Generated by org.testng.reporters.JUnitReportReporter -->
<testsuite skipped="0" hostname="IN-7J8WN13" name="testCases_flipkart.LoginPagetest" tests="1" failures="0" timestamp="2022-12-14T13:53:48 IST" time="0.774" errors="0">
  <testcase name="login" time="0.774" classname="testCases_flipkart.LoginPagetest"/>
  <system-out/>
</testsuite> <!-- testCases_flipkart.LoginPagetest -->
