<?xml version="1.0" encoding="UTF-8"?>
<!-- Generated by org.testng.reporters.JUnitReportReporter -->
<testsuite skipped="0" hostname="IN-7J8WN13" name="testCases_flipkart.searchtest" tests="1" failures="0" timestamp="2022-12-13T13:11:32 IST" time="60.691" errors="0">
  <testcase name="search" time="60.691" classname="testCases_flipkart.searchtest"/>
  <system-out/>
</testsuite> <!-- testCases_flipkart.searchtest -->
