<?xml version="1.0" encoding="UTF-8"?>
<!-- Generated by org.testng.reporters.JUnitReportReporter -->
<testsuite skipped="0" hostname="IN-7J8WN13" name="testCases_flipkart.helpcentretest" tests="1" failures="0" timestamp="2022-12-14T15:27:54 IST" time="0.461" errors="0">
  <testcase name="help" time="0.461" classname="testCases_flipkart.helpcentretest"/>
  <system-out/>
</testsuite> <!-- testCases_flipkart.helpcentretest -->
